<?xml version="1.0" encoding="UTF-8"?>
<!-- Generated by org.testng.reporters.JUnitXMLReporter -->
<testsuite ignored="0" hostname="Srikanths-MacBook-Air.local" failures="0" tests="6" name="client requirment" time="0.022" errors="0" timestamp="2024-04-30T18:32:15 IST">
  <testcase classname="test.HomeLoan" name="HomeAPILogin" time="0.002"/>
  <testcase classname="test.HomeLoan" name="HomeMobileApplicatinLogin" time="0.001"/>
  <testcase classname="test.HomeLoan" name="HomeWebApplicatinLogin" time="0.001"/>
  <testcase classname="test.CarLoan" name="CarAPILogin" time="0.0"/>
  <testcase classname="test.CarLoan" name="CarMobileApplicatinLogin" time="0.0"/>
  <testcase classname="test.CarLoan" name="CarWebApplicatinLogin" time="0.0"/>
</testsuite> <!-- client requirment -->
