<?xml version="1.0" encoding="UTF-8"?>
<!-- Generated by org.testng.reporters.JUnitXMLReporter -->
<testsuite ignored="7" hostname="Srikanths-MacBook-Air.local" failures="0" tests="4" name="smokes" time="0.023" errors="0" timestamp="2024-04-30T18:30:39 IST">
  <testcase classname="test.CarLoan" name="CarAPILogin" time="0.003"/>
  <testcase classname="test.CarLoan" name="CarWebApplicatinLogin" time="0.001"/>
  <testcase classname="test.ClassTest" name="test2" time="0.0"/>
  <testcase classname="test.PersonaLoan" name="PLMobileApplicatinLogin" time="0.0"/>
  <testcase classname="test.HomeLoan" name="HomeMobileApplicatinLogin" time="0.0">
    <ignored/>
  </testcase> <!-- HomeMobileApplicatinLogin -->
  <testcase classname="test.PersonaLoan" name="PLWebApplicatinLogin" time="0.0">
    <ignored/>
  </testcase> <!-- PLWebApplicatinLogin -->
  <testcase classname="test.Base" name="test1" time="0.0">
    <ignored/>
  </testcase> <!-- test1 -->
  <testcase classname="test.HomeLoan" name="HomeAPILogin" time="0.0">
    <ignored/>
  </testcase> <!-- HomeAPILogin -->
  <testcase classname="test.PersonaLoan" name="PLAPILogin" time="0.0">
    <ignored/>
  </testcase> <!-- PLAPILogin -->
  <testcase classname="test.CarLoan" name="CarMobileApplicatinLogin" time="0.0">
    <ignored/>
  </testcase> <!-- CarMobileApplicatinLogin -->
  <testcase classname="test.HomeLoan" name="HomeWebApplicatinLogin" time="0.0">
    <ignored/>
  </testcase> <!-- HomeWebApplicatinLogin -->
</testsuite> <!-- smokes -->
