<?xml version="1.0" encoding="UTF-8"?>
<!-- Generated by org.testng.reporters.JUnitXMLReporter -->
<testsuite ignored="1" hostname="Srikanths-MacBook-Air.local" failures="1" tests="2" name="Personal loan(failed)" time="0.025" errors="0" timestamp="2024-04-29T14:02:18 IST">
  <testcase classname="test.PersonaLoan" name="PLAPILogin" time="0.007">
    <failure type="org.testng.internal.reflect.MethodMatcherException" message="
[public void test.PersonaLoan.PLAPILogin(java.lang.String,java.lang.String,java.lang.String)] has no parameters defined but was found to be using a data provider (either explicitly specified or inherited from class level annotation).
Data provider mismatch
Method: PLAPILogin([java.lang.String arg0, java.lang.String arg1, java.lang.String arg2])
Arguments: [(java.lang.String) https://wwww.amazonindia.com]">
      <![CDATA[org.testng.internal.reflect.MethodMatcherException: 
[public void test.PersonaLoan.PLAPILogin(java.lang.String,java.lang.String,java.lang.String)] has no parameters defined but was found to be using a data provider (either explicitly specified or inherited from class level annotation).
Data provider mismatch
Method: PLAPILogin([java.lang.String arg0, java.lang.String arg1, java.lang.String arg2])
Arguments: [(java.lang.String) https://wwww.amazonindia.com]
at java.base/java.util.ArrayList.forEach(ArrayList.java:1511)
... Removed 22 stack frames]]>
    </failure>
  </testcase> <!-- PLAPILogin -->
  <testcase classname="test.PersonaLoan" name="PLWebApplicatinLogin" time="0.0">
    <skipped/>
  </testcase> <!-- PLWebApplicatinLogin -->
  <testcase classname="test.PersonaLoan" name="PLMobileApplicatinLogin" time="0.0">
    <ignored/>
  </testcase> <!-- PLMobileApplicatinLogin -->
</testsuite> <!-- Personal loan(failed) -->
