<?xml version="1.0" encoding="UTF-8"?>
<testng-results ignored="0" total="1" passed="1" failed="0" skipped="0">
  <reporter-output>
  </reporter-output>
  <suite started-at="2024-05-02T12:47:13 IST" name="Default suite" finished-at="2024-05-02T12:47:13 IST" duration-ms="16">
    <groups>
    </groups>
    <test started-at="2024-05-02T12:47:13 IST" name="Default test" finished-at="2024-05-02T12:47:13 IST" duration-ms="16">
      <class name="opps.users">
        <test-method signature="runTest()[pri:0, instance:opps.users@7f010382]" started-at="2024-05-02T12:47:13 IST" name="runTest" finished-at="2024-05-02T12:47:13 IST" duration-ms="2" status="PASS">
          <reporter-output>
          </reporter-output>
        </test-method> <!-- runTest -->
      </class> <!-- opps.users -->
    </test> <!-- Default test -->
  </suite> <!-- Default suite -->
</testng-results>
