<?xml version="1.0" encoding="UTF-8"?>
<!-- Generated by org.testng.reporters.JUnitXMLReporter -->
<testsuite ignored="0" hostname="Srikanths-MacBook-Air.local" failures="1" tests="6" name="car and home loan departments" time="0.013" errors="0" timestamp="2024-04-30T18:36:53 IST">
  <testcase classname="test.CarLoan" name="CarAPILogin" time="0.003">
    <failure type="java.lang.AssertionError" message="expected [true] but found [false]">
      <![CDATA[java.lang.AssertionError: expected [true] but found [false]
at test.CarLoan.CarAPILogin(CarLoan.java:24)
at java.base/java.util.ArrayList.forEach(ArrayList.java:1511)
... Removed 31 stack frames]]>
    </failure>
  </testcase> <!-- CarAPILogin -->
  <testcase classname="test.CarLoan" name="CarMobileApplicatinLogin" time="0.0"/>
  <testcase classname="test.CarLoan" name="CarWebApplicatinLogin" time="0.0"/>
  <testcase classname="test.HomeLoan" name="HomeAPILogin" time="0.001"/>
  <testcase classname="test.HomeLoan" name="HomeMobileApplicatinLogin" time="0.001"/>
  <testcase classname="test.HomeLoan" name="HomeWebApplicatinLogin" time="0.0"/>
</testsuite> <!-- car and home loan departments -->
