<?xml version="1.0" encoding="UTF-8"?>
<!-- Generated by org.testng.reporters.JUnitXMLReporter -->
<testsuite ignored="0" hostname="Srikanths-MacBook-Air.local" failures="0" tests="3" name="Personal loan" time="0.005" errors="0" timestamp="2024-04-30T18:36:53 IST">
  <testcase classname="test.PersonaLoan" name="PLAPILogin" time="0.0"/>
  <testcase classname="test.PersonaLoan" name="PLMobileApplicatinLogin" time="0.0"/>
  <testcase classname="test.PersonaLoan" name="PLWebApplicatinLogin" time="0.0"/>
</testsuite> <!-- Personal loan -->
